2022-05-23 22:36:33,688:INFO:Initializing load_model()
2022-05-23 22:36:33,688:INFO:load_model(model_name=./data/et_model_test, platform=None, authentication=None, verbose=True)
2022-05-24 17:16:30,030:INFO:Initializing load_model()
2022-05-24 17:16:30,031:INFO:load_model(model_name=./data/lda_test, platform=None, authentication=None, verbose=True)
2022-05-24 17:16:30,067:INFO:Initializing predict_model()
2022-05-24 17:16:30,067:INFO:predict_model(estimator=Pipeline(steps=[('dtypes',
                 DataTypes_Auto_infer(ml_usecase='classification',
                                      target='code_label')),
                ('imputer',
                 Simple_Imputer(categorical_strategy='not_available',
                                fill_value_categorical=None,
                                fill_value_numerical=None,
                                numeric_strategy='mean',
                                target_variable=None)),
                ('new_levels1',
                 New_Catagorical_Levels_in_TestData(replacement_strategy='least '
                                                                         'frequent',...
                ('fix_perfect', Remove_100(target='code_label')),
                ('clean_names', Clean_Colum_Names()),
                ('feature_select', 'passthrough'), ('fix_multi', 'passthrough'),
                ('dfs', 'passthrough'),
                ('pca',
                 Reduce_Dimensions_For_Supervised_Path(random_state=666,
                                                       target='code_label',
                                                       variance_retained_or_number_of_components=None)),
                ['trained_model',
                 LinearDiscriminantAnalysis(shrinkage=0.001, solver='lsqr')]]), probability_threshold=None, encoded_labels=False, drift_report=False, raw_score=False, round=4, verbose=True, ml_usecase=MLUsecase.CLASSIFICATION, display=None, drift_kwargs=None)
2022-05-24 17:16:30,068:INFO:Checking exceptions
2022-05-24 17:16:30,069:INFO:Preloading libraries
2022-05-24 17:25:46,342:INFO:Initializing load_model()
2022-05-24 17:25:46,342:INFO:load_model(model_name=./data/lda_test, platform=None, authentication=None, verbose=True)
2022-05-24 17:25:46,367:INFO:Initializing predict_model()
2022-05-24 17:25:46,368:INFO:predict_model(estimator=Pipeline(steps=[('dtypes',
                 DataTypes_Auto_infer(ml_usecase='classification',
                                      target='code_label')),
                ('imputer',
                 Simple_Imputer(categorical_strategy='not_available',
                                fill_value_categorical=None,
                                fill_value_numerical=None,
                                numeric_strategy='mean',
                                target_variable=None)),
                ('new_levels1',
                 New_Catagorical_Levels_in_TestData(replacement_strategy='least '
                                                                         'frequent',...
                ('fix_perfect', Remove_100(target='code_label')),
                ('clean_names', Clean_Colum_Names()),
                ('feature_select', 'passthrough'), ('fix_multi', 'passthrough'),
                ('dfs', 'passthrough'),
                ('pca',
                 Reduce_Dimensions_For_Supervised_Path(random_state=666,
                                                       target='code_label',
                                                       variance_retained_or_number_of_components=None)),
                ['trained_model',
                 LinearDiscriminantAnalysis(shrinkage=0.001, solver='lsqr')]]), probability_threshold=None, encoded_labels=False, drift_report=False, raw_score=False, round=4, verbose=True, ml_usecase=MLUsecase.CLASSIFICATION, display=None, drift_kwargs=None)
2022-05-24 17:25:46,368:INFO:Checking exceptions
2022-05-24 17:25:46,369:INFO:Preloading libraries
2022-05-24 17:26:01,913:INFO:Initializing load_model()
2022-05-24 17:26:01,914:INFO:load_model(model_name=./data/lda_test, platform=None, authentication=None, verbose=True)
2022-05-24 17:26:01,942:INFO:Initializing predict_model()
2022-05-24 17:26:01,943:INFO:predict_model(estimator=Pipeline(steps=[('dtypes',
                 DataTypes_Auto_infer(ml_usecase='classification',
                                      target='code_label')),
                ('imputer',
                 Simple_Imputer(categorical_strategy='not_available',
                                fill_value_categorical=None,
                                fill_value_numerical=None,
                                numeric_strategy='mean',
                                target_variable=None)),
                ('new_levels1',
                 New_Catagorical_Levels_in_TestData(replacement_strategy='least '
                                                                         'frequent',...
                ('fix_perfect', Remove_100(target='code_label')),
                ('clean_names', Clean_Colum_Names()),
                ('feature_select', 'passthrough'), ('fix_multi', 'passthrough'),
                ('dfs', 'passthrough'),
                ('pca',
                 Reduce_Dimensions_For_Supervised_Path(random_state=666,
                                                       target='code_label',
                                                       variance_retained_or_number_of_components=None)),
                ['trained_model',
                 LinearDiscriminantAnalysis(shrinkage=0.001, solver='lsqr')]]), probability_threshold=None, encoded_labels=False, drift_report=False, raw_score=False, round=4, verbose=True, ml_usecase=MLUsecase.CLASSIFICATION, display=None, drift_kwargs=None)
2022-05-24 17:26:01,944:INFO:Checking exceptions
2022-05-24 17:26:01,945:INFO:Preloading libraries
2022-05-24 17:30:33,359:INFO:Initializing load_model()
2022-05-24 17:30:33,359:INFO:load_model(model_name=./data/lda_test, platform=None, authentication=None, verbose=True)
2022-05-24 17:30:33,386:INFO:Initializing predict_model()
2022-05-24 17:30:33,386:INFO:predict_model(estimator=Pipeline(steps=[('dtypes',
                 DataTypes_Auto_infer(ml_usecase='classification',
                                      target='code_label')),
                ('imputer',
                 Simple_Imputer(categorical_strategy='not_available',
                                fill_value_categorical=None,
                                fill_value_numerical=None,
                                numeric_strategy='mean',
                                target_variable=None)),
                ('new_levels1',
                 New_Catagorical_Levels_in_TestData(replacement_strategy='least '
                                                                         'frequent',...
                ('fix_perfect', Remove_100(target='code_label')),
                ('clean_names', Clean_Colum_Names()),
                ('feature_select', 'passthrough'), ('fix_multi', 'passthrough'),
                ('dfs', 'passthrough'),
                ('pca',
                 Reduce_Dimensions_For_Supervised_Path(random_state=666,
                                                       target='code_label',
                                                       variance_retained_or_number_of_components=None)),
                ['trained_model',
                 LinearDiscriminantAnalysis(shrinkage=0.001, solver='lsqr')]]), probability_threshold=None, encoded_labels=False, drift_report=False, raw_score=False, round=4, verbose=True, ml_usecase=MLUsecase.CLASSIFICATION, display=None, drift_kwargs=None)
2022-05-24 17:30:33,386:INFO:Checking exceptions
2022-05-24 17:30:33,387:INFO:Preloading libraries
2022-05-24 17:31:46,818:INFO:Initializing load_model()
2022-05-24 17:31:46,819:INFO:load_model(model_name=./data/lda_test, platform=None, authentication=None, verbose=True)
2022-05-24 17:31:46,845:INFO:Initializing predict_model()
2022-05-24 17:31:46,845:INFO:predict_model(estimator=Pipeline(steps=[('dtypes',
                 DataTypes_Auto_infer(ml_usecase='classification',
                                      target='code_label')),
                ('imputer',
                 Simple_Imputer(categorical_strategy='not_available',
                                fill_value_categorical=None,
                                fill_value_numerical=None,
                                numeric_strategy='mean',
                                target_variable=None)),
                ('new_levels1',
                 New_Catagorical_Levels_in_TestData(replacement_strategy='least '
                                                                         'frequent',...
                ('fix_perfect', Remove_100(target='code_label')),
                ('clean_names', Clean_Colum_Names()),
                ('feature_select', 'passthrough'), ('fix_multi', 'passthrough'),
                ('dfs', 'passthrough'),
                ('pca',
                 Reduce_Dimensions_For_Supervised_Path(random_state=666,
                                                       target='code_label',
                                                       variance_retained_or_number_of_components=None)),
                ['trained_model',
                 LinearDiscriminantAnalysis(shrinkage=0.001, solver='lsqr')]]), probability_threshold=None, encoded_labels=False, drift_report=False, raw_score=False, round=4, verbose=True, ml_usecase=MLUsecase.CLASSIFICATION, display=None, drift_kwargs=None)
2022-05-24 17:31:46,846:INFO:Checking exceptions
2022-05-24 17:31:46,847:INFO:Preloading libraries
2022-05-24 17:32:00,072:INFO:Initializing load_model()
2022-05-24 17:32:00,072:INFO:load_model(model_name=./data/lda_test, platform=None, authentication=None, verbose=True)
2022-05-24 17:32:00,109:INFO:Initializing predict_model()
2022-05-24 17:32:00,109:INFO:predict_model(estimator=Pipeline(steps=[('dtypes',
                 DataTypes_Auto_infer(ml_usecase='classification',
                                      target='code_label')),
                ('imputer',
                 Simple_Imputer(categorical_strategy='not_available',
                                fill_value_categorical=None,
                                fill_value_numerical=None,
                                numeric_strategy='mean',
                                target_variable=None)),
                ('new_levels1',
                 New_Catagorical_Levels_in_TestData(replacement_strategy='least '
                                                                         'frequent',...
                ('fix_perfect', Remove_100(target='code_label')),
                ('clean_names', Clean_Colum_Names()),
                ('feature_select', 'passthrough'), ('fix_multi', 'passthrough'),
                ('dfs', 'passthrough'),
                ('pca',
                 Reduce_Dimensions_For_Supervised_Path(random_state=666,
                                                       target='code_label',
                                                       variance_retained_or_number_of_components=None)),
                ['trained_model',
                 LinearDiscriminantAnalysis(shrinkage=0.001, solver='lsqr')]]), probability_threshold=None, encoded_labels=False, drift_report=False, raw_score=False, round=4, verbose=True, ml_usecase=MLUsecase.CLASSIFICATION, display=None, drift_kwargs=None)
2022-05-24 17:32:00,111:INFO:Checking exceptions
2022-05-24 17:32:00,111:INFO:Preloading libraries
2022-05-24 17:32:10,346:INFO:Initializing load_model()
2022-05-24 17:32:10,346:INFO:load_model(model_name=./data/lda_test, platform=None, authentication=None, verbose=True)
2022-05-24 17:32:10,381:INFO:Initializing predict_model()
2022-05-24 17:32:10,382:INFO:predict_model(estimator=Pipeline(steps=[('dtypes',
                 DataTypes_Auto_infer(ml_usecase='classification',
                                      target='code_label')),
                ('imputer',
                 Simple_Imputer(categorical_strategy='not_available',
                                fill_value_categorical=None,
                                fill_value_numerical=None,
                                numeric_strategy='mean',
                                target_variable=None)),
                ('new_levels1',
                 New_Catagorical_Levels_in_TestData(replacement_strategy='least '
                                                                         'frequent',...
                ('fix_perfect', Remove_100(target='code_label')),
                ('clean_names', Clean_Colum_Names()),
                ('feature_select', 'passthrough'), ('fix_multi', 'passthrough'),
                ('dfs', 'passthrough'),
                ('pca',
                 Reduce_Dimensions_For_Supervised_Path(random_state=666,
                                                       target='code_label',
                                                       variance_retained_or_number_of_components=None)),
                ['trained_model',
                 LinearDiscriminantAnalysis(shrinkage=0.001, solver='lsqr')]]), probability_threshold=None, encoded_labels=False, drift_report=False, raw_score=False, round=4, verbose=True, ml_usecase=MLUsecase.CLASSIFICATION, display=None, drift_kwargs=None)
2022-05-24 17:32:10,383:INFO:Checking exceptions
2022-05-24 17:32:10,383:INFO:Preloading libraries
2022-05-24 17:32:21,761:INFO:Initializing load_model()
2022-05-24 17:32:21,762:INFO:load_model(model_name=./data/lda_test, platform=None, authentication=None, verbose=True)
2022-05-24 17:32:21,787:INFO:Initializing predict_model()
2022-05-24 17:32:21,787:INFO:predict_model(estimator=Pipeline(steps=[('dtypes',
                 DataTypes_Auto_infer(ml_usecase='classification',
                                      target='code_label')),
                ('imputer',
                 Simple_Imputer(categorical_strategy='not_available',
                                fill_value_categorical=None,
                                fill_value_numerical=None,
                                numeric_strategy='mean',
                                target_variable=None)),
                ('new_levels1',
                 New_Catagorical_Levels_in_TestData(replacement_strategy='least '
                                                                         'frequent',...
                ('fix_perfect', Remove_100(target='code_label')),
                ('clean_names', Clean_Colum_Names()),
                ('feature_select', 'passthrough'), ('fix_multi', 'passthrough'),
                ('dfs', 'passthrough'),
                ('pca',
                 Reduce_Dimensions_For_Supervised_Path(random_state=666,
                                                       target='code_label',
                                                       variance_retained_or_number_of_components=None)),
                ['trained_model',
                 LinearDiscriminantAnalysis(shrinkage=0.001, solver='lsqr')]]), probability_threshold=None, encoded_labels=False, drift_report=False, raw_score=False, round=4, verbose=True, ml_usecase=MLUsecase.CLASSIFICATION, display=None, drift_kwargs=None)
2022-05-24 17:32:21,788:INFO:Checking exceptions
2022-05-24 17:32:21,789:INFO:Preloading libraries
2022-05-24 17:32:44,255:INFO:Initializing load_model()
2022-05-24 17:32:44,255:INFO:load_model(model_name=./data/lda_test, platform=None, authentication=None, verbose=True)
2022-05-24 17:32:44,280:INFO:Initializing predict_model()
2022-05-24 17:32:44,281:INFO:predict_model(estimator=Pipeline(steps=[('dtypes',
                 DataTypes_Auto_infer(ml_usecase='classification',
                                      target='code_label')),
                ('imputer',
                 Simple_Imputer(categorical_strategy='not_available',
                                fill_value_categorical=None,
                                fill_value_numerical=None,
                                numeric_strategy='mean',
                                target_variable=None)),
                ('new_levels1',
                 New_Catagorical_Levels_in_TestData(replacement_strategy='least '
                                                                         'frequent',...
                ('fix_perfect', Remove_100(target='code_label')),
                ('clean_names', Clean_Colum_Names()),
                ('feature_select', 'passthrough'), ('fix_multi', 'passthrough'),
                ('dfs', 'passthrough'),
                ('pca',
                 Reduce_Dimensions_For_Supervised_Path(random_state=666,
                                                       target='code_label',
                                                       variance_retained_or_number_of_components=None)),
                ['trained_model',
                 LinearDiscriminantAnalysis(shrinkage=0.001, solver='lsqr')]]), probability_threshold=None, encoded_labels=False, drift_report=False, raw_score=False, round=4, verbose=True, ml_usecase=MLUsecase.CLASSIFICATION, display=None, drift_kwargs=None)
2022-05-24 17:32:44,281:INFO:Checking exceptions
2022-05-24 17:32:44,281:INFO:Preloading libraries
